<html>
<body>
<pre>
<h1>Vision Build Log</h1>
<h2>Project:</h2>
D:\学习\专业\研一\STM32学习\STM32\workspace\test\extrnal_interrupt.uvproj
Project File Date:  10/14/2016

<h2>Output:</h2>
Build target 'Target 1'
compiling main.c...
user\main.c(5): error:  #5: cannot open source input file "lsens.h": No such file or directory
user\main.c:   #include "lsens.h"
user\main.c:                     ^
user\main.c: user\main.c: 0 warnings, 1 error
compiling stm32f10x_it.c...
compiling public.c...
compiling core_cm3.c...
compiling system_stm32f10x.c...
assembling startup_stm32f10x_hd.s...
compiling stm32f10x_gpio.c...
compiling stm32f10x_rcc.c...
compiling stm32f10x_exti.c...
compiling misc.c...
compiling led.c...
compiling beep.c...
APP\BEEP\beep.h(8): warning:  #1-D: last line of file ends without a newline
APP\BEEP\beep.h:                                                                                                
APP\BEEP\beep.h:                                                                                                ^
APP\BEEP\beep.c(22): warning:  #223-D: function "delay" declared implicitly
APP\BEEP\beep.c:         delay(i);
APP\BEEP\beep.c:         ^
APP\BEEP\beep.c: APP\BEEP\beep.c: 2 warnings, 0 errors
compiling systick.c...
compiling key.c...
compiling digital.c...
APP\DIGITAL\digital.c(45): warning:  #223-D: function "delay_ms" declared implicitly
APP\DIGITAL\digital.c:          delay_ms(1000);
APP\DIGITAL\digital.c:          ^
APP\DIGITAL\digital.c: APP\DIGITAL\digital.c: 1 warning, 0 errors
compiling ext_in.c...
Target not created
Build target 'Target 1'
compiling main.c...
user\main.c(13): warning:  #223-D: function "delay_init" declared implicitly
user\main.c:          delay_init(168);    //初始化延时函数
user\main.c:          ^
user\main.c(14): warning:  #223-D: function "uart_init" declared implicitly
user\main.c:          uart_init(115200);  //初始化串口波特率为115200
user\main.c:          ^
user\main.c(11): warning:  #550-D: variable "adcx" was set but never used
user\main.c:         u8 adcx;
user\main.c:            ^
user\main.c: user\main.c: 3 warnings, 0 errors
compiling stm32f10x_it.c...
compiling public.c...
compiling core_cm3.c...
compiling system_stm32f10x.c...
assembling startup_stm32f10x_hd.s...
compiling stm32f10x_gpio.c...
compiling stm32f10x_rcc.c...
compiling stm32f10x_exti.c...
compiling misc.c...
compiling led.c...
compiling beep.c...
APP\BEEP\beep.h(8): warning:  #1-D: last line of file ends without a newline
APP\BEEP\beep.h:                                                                                                
APP\BEEP\beep.h:                                                                                                ^
APP\BEEP\beep.c(22): warning:  #223-D: function "delay" declared implicitly
APP\BEEP\beep.c:         delay(i);
APP\BEEP\beep.c:         ^
APP\BEEP\beep.c: APP\BEEP\beep.c: 2 warnings, 0 errors
compiling systick.c...
compiling key.c...
compiling digital.c...
APP\DIGITAL\digital.c(45): warning:  #223-D: function "delay_ms" declared implicitly
APP\DIGITAL\digital.c:          delay_ms(1000);
APP\DIGITAL\digital.c:          ^
APP\DIGITAL\digital.c: APP\DIGITAL\digital.c: 1 warning, 0 errors
compiling ext_in.c...
compiling adc3.c...
APP\lsens\adc3.c(6): error:  #20: identifier "ADC_CommonInitTypeDef" is undefined
APP\lsens\adc3.c:   ADC_CommonInitTypeDef ADC_CommonInitStructure;
APP\lsens\adc3.c:   ^
APP\lsens\adc3.c(15): error:  #20: identifier "ADC_TwoSamplingDelay_5Cycles" is undefined
APP\lsens\adc3.c:   ADC_TwoSamplingDelay_5Cycles;//两个采样阶段之间的延迟5个时钟
APP\lsens\adc3.c:   ^
APP\lsens\adc3.c(17): error:  #20: identifier "ADC_DMAAccessMode_Disabled" is undefined
APP\lsens\adc3.c:    ADC_DMAAccessMode_Disabled;
APP\lsens\adc3.c:    ^
APP\lsens\adc3.c(18): error:  #20: identifier "ADC_Prescaler_Div4" is undefined
APP\lsens\adc3.c:     ADC_CommonInitStructure.ADC_Prescaler = ADC_Prescaler_Div4;//预分频4分频。
APP\lsens\adc3.c:                                             ^
APP\lsens\adc3.c(19): warning:  #223-D: function "ADC_CommonInit" declared implicitly
APP\lsens\adc3.c:     ADC_CommonInit(&ADC_CommonInitStructure);//初始化
APP\lsens\adc3.c:     ^
APP\lsens\adc3.c(21): error:  #136: struct "<unnamed>" has no field "ADC_Resolution"
APP\lsens\adc3.c:     ADC_InitStructure.ADC_Resolution = ADC_Resolution_12b;//12位模式
APP\lsens\adc3.c:                       ^
APP\lsens\adc3.c(21): error:  #20: identifier "ADC_Resolution_12b" is undefined
APP\lsens\adc3.c:     ADC_InitStructure.ADC_Resolution = ADC_Resolution_12b;//12位模式
APP\lsens\adc3.c:                                        ^
APP\lsens\adc3.c(24): error:  #136: struct "<unnamed>" has no field "ADC_ExternalTrigConvEdge"
APP\lsens\adc3.c:     ADC_InitStructure.ADC_ExternalTrigConvEdge = ADC_ExternalTrigConvEdge_None;
APP\lsens\adc3.c:                       ^
APP\lsens\adc3.c(24): error:  #20: identifier "ADC_ExternalTrigConvEdge_None" is undefined
APP\lsens\adc3.c:     ADC_InitStructure.ADC_ExternalTrigConvEdge = ADC_ExternalTrigConvEdge_None;
APP\lsens\adc3.c:                                                  ^
APP\lsens\adc3.c(27): error:  #136: struct "<unnamed>" has no field "ADC_NbrOfConversion"
APP\lsens\adc3.c:     ADC_InitStructure.ADC_NbrOfConversion = 1;//1个转换在规则序列中
APP\lsens\adc3.c:                       ^
APP\lsens\adc3.c(38): error:  #20: identifier "ADC_SampleTime_480Cycles" is undefined
APP\lsens\adc3.c:          ADC_RegularChannelConfig(ADC3, ch, 1, ADC_SampleTime_480Cycles );       
APP\lsens\adc3.c:                                                ^
APP\lsens\adc3.c(39): warning:  #223-D: function "ADC_SoftwareStartConv" declared implicitly
APP\lsens\adc3.c:          ADC_SoftwareStartConv(ADC3);        //使能指定的ADC3的软件转换启动功能 
APP\lsens\adc3.c:          ^
APP\lsens\adc3.c(42): warning:  #1-D: last line of file ends without a newline
APP\lsens\adc3.c:   }
APP\lsens\adc3.c:    ^
APP\lsens\adc3.c: APP\lsens\adc3.c: 3 warnings, 10 errors
compiling lsens.c...
APP\lsens\lsens.c(5): warning:  #223-D: function "RCC_AHB1PeriphClockCmd" declared implicitly
APP\lsens\lsens.c:      RCC_AHB1PeriphClockCmd(RCC_AHB1Periph_GPIOF, ENABLE);//使能GPIOF时钟
APP\lsens\lsens.c:      ^
APP\lsens\lsens.c(5): error:  #20: identifier "RCC_AHB1Periph_GPIOF" is undefined
APP\lsens\lsens.c:      RCC_AHB1PeriphClockCmd(RCC_AHB1Periph_GPIOF, ENABLE);//使能GPIOF时钟
APP\lsens\lsens.c:                             ^
APP\lsens\lsens.c(8): error:  #20: identifier "GPIO_Mode_AN" is undefined
APP\lsens\lsens.c:      GPIO_InitStructure.GPIO_Mode = GPIO_Mode_AN;//模拟输入
APP\lsens\lsens.c:                                     ^
APP\lsens\lsens.c(9): error:  #136: struct "<unnamed>" has no field "GPIO_PuPd"
APP\lsens\lsens.c:      GPIO_InitStructure.GPIO_PuPd = GPIO_PuPd_NOPULL ;//不带上下拉
APP\lsens\lsens.c:                         ^
APP\lsens\lsens.c(9): error:  #20: identifier "GPIO_PuPd_NOPULL" is undefined
APP\lsens\lsens.c:      GPIO_InitStructure.GPIO_PuPd = GPIO_PuPd_NOPULL ;//不带上下拉
APP\lsens\lsens.c:                                     ^
APP\lsens\lsens.c(11): warning:  #223-D: function "Adc3_Init" declared implicitly
APP\lsens\lsens.c:      Adc3_Init();//初始化ADC3
APP\lsens\lsens.c:      ^
APP\lsens\lsens.c(20): error:  #20: identifier "LSENS_READ_TIMES" is undefined
APP\lsens\lsens.c:          for(t=0;t<LSENS_READ_TIMES;t++)
APP\lsens\lsens.c:                    ^
APP\lsens\lsens.c(22): warning:  #223-D: function "Get_Adc3" declared implicitly
APP\lsens\lsens.c:                 temp_val+=Get_Adc3(ADC_Channel_5);    //读取ADC值,通道5
APP\lsens\lsens.c:                           ^
APP\lsens\lsens.c(23): warning:  #223-D: function "delay_ms" declared implicitly
APP\lsens\lsens.c:                 delay_ms(5);
APP\lsens\lsens.c:                 ^
APP\lsens\lsens.c: APP\lsens\lsens.c: 4 warnings, 5 errors
Target not created
