<html>
<body>
<pre>
<h1>Vision Build Log</h1>
<h2>Project:</h2>
D:\学习\专业\研一\STM32学习\STM32\workspace\工程模板\Template.uvproj
Project File Date:  10/12/2016

<h2>Output:</h2>
Build target 'Target 1'
compiling main.c...
compiling stm32f10x_it.c...
compiling public.c...
compiling core_cm3.c...
compiling system_stm32f10x.c...
assembling startup_stm32f10x_hd.s...
compiling stm32f10x_gpio.c...
compiling stm32f10x_rcc.c...
compiling stm32f10x_usart.c...
compiling misc.c...
compiling stm32f10x_exti.c...
compiling stm32f10x_tim.c...
compiling led.c...
compiling systick.c...
compiling pwm.c...
compiling rs485.c...
compiling printf.c...
compiling iic.c...
compiling AT24CXX.c...
compiling beep.c...
compiling exti.c...
compiling key.c...
compiling smg.c...
compiling time.c...
compiling usart.c...
linking...
Program Size: Code=9600 RO-data=336 RW-data=48 ZI-data=1024  
FromELF: creating hex file...
".\output\工程模板.axf" - 0 Error(s), 0 Warning(s).
Build target 'Target 1'
compiling main.c...
.\APP\DS18B20\ds18b20.h(20): warning:  #1-D: last line of file ends without a newline
.\APP\DS18B20\ds18b20.h:   #endif
.\APP\DS18B20\ds18b20.h:         ^
user\main.c(34): warning:  #111-D: statement is unreachable
user\main.c:    printf("读出来的数据是：%d\r\n",value);
user\main.c:    ^
user\main.c(34): error:  #20: identifier "value" is undefined
user\main.c:    printf("读出来的数据是：%d\r\n",value);
user\main.c:                                    ^
user\main.c: user\main.c: 2 warnings, 1 error
compiling stm32f10x_it.c...
compiling public.c...
compiling core_cm3.c...
compiling system_stm32f10x.c...
assembling startup_stm32f10x_hd.s...
compiling stm32f10x_gpio.c...
compiling stm32f10x_rcc.c...
compiling stm32f10x_usart.c...
compiling misc.c...
compiling stm32f10x_exti.c...
compiling stm32f10x_tim.c...
compiling led.c...
compiling systick.c...
compiling pwm.c...
compiling rs485.c...
compiling printf.c...
compiling iic.c...
compiling AT24CXX.c...
compiling beep.c...
compiling exti.c...
compiling key.c...
compiling smg.c...
compiling time.c...
compiling usart.c...
compiling ds18b20.c...
APP\DS18B20\ds18b20.c(1): error:  #13: expected a file name
APP\DS18B20\ds18b20.c:   #include ds18b20.h"
APP\DS18B20\ds18b20.c:            ^
APP\DS18B20\ds18b20.c: APP\DS18B20\ds18b20.c: 0 warnings, 1 error
Target not created
Build target 'Target 1'
compiling main.c...
.\APP\DS18B20\ds18b20.h(20): warning:  #1-D: last line of file ends without a newline
.\APP\DS18B20\ds18b20.h:   #endif
.\APP\DS18B20\ds18b20.h:         ^
user\main.c(34): warning:  #111-D: statement is unreachable
user\main.c:    printf("读出来的数据是：%d\r\n",value);
user\main.c:    ^
user\main.c(34): error:  #20: identifier "value" is undefined
user\main.c:    printf("读出来的数据是：%d\r\n",value);
user\main.c:                                    ^
user\main.c: user\main.c: 2 warnings, 1 error
compiling stm32f10x_it.c...
compiling public.c...
compiling core_cm3.c...
compiling system_stm32f10x.c...
assembling startup_stm32f10x_hd.s...
compiling stm32f10x_gpio.c...
compiling stm32f10x_rcc.c...
compiling stm32f10x_usart.c...
compiling misc.c...
compiling stm32f10x_exti.c...
compiling stm32f10x_tim.c...
compiling led.c...
compiling systick.c...
compiling pwm.c...
compiling rs485.c...
compiling printf.c...
compiling iic.c...
compiling AT24CXX.c...
compiling beep.c...
compiling exti.c...
compiling key.c...
compiling smg.c...
compiling time.c...
compiling usart.c...
compiling ds18b20.c...
APP\DS18B20\ds18b20.h(20): warning:  #1-D: last line of file ends without a newline
APP\DS18B20\ds18b20.h:   #endif
APP\DS18B20\ds18b20.h:         ^
APP\DS18B20\ds18b20.c(41): error:  #65: expected a ";"
APP\DS18B20\ds18b20.c:          u8 i-0;
APP\DS18B20\ds18b20.c:              ^
APP\DS18B20\ds18b20.c(60): warning:  #174-D: expression has no effect
APP\DS18B20\ds18b20.c:          value>>1;
APP\DS18B20\ds18b20.c:          ^
APP\DS18B20\ds18b20.c(78): error:  #20: identifier "oxcc" is undefined
APP\DS18B20\ds18b20.c:          ds18b20wr(oxcc);
APP\DS18B20\ds18b20.c:                    ^
APP\DS18B20\ds18b20.c(89): error:  #20: identifier "oxf800" is undefined
APP\DS18B20\ds18b20.c:          if((temp&0xf800)==oxf800){
APP\DS18B20\ds18b20.c:                            ^
APP\DS18B20\ds18b20.c(94): warning:  #1-D: last line of file ends without a newline
APP\DS18B20\ds18b20.c:   }
APP\DS18B20\ds18b20.c:    ^
APP\DS18B20\ds18b20.c: APP\DS18B20\ds18b20.c: 3 warnings, 3 errors
Target not created
Build target 'Target 1'
compiling main.c...
.\APP\DS18B20\ds18b20.h(20): warning:  #1-D: last line of file ends without a newline
.\APP\DS18B20\ds18b20.h:   #endif
.\APP\DS18B20\ds18b20.h:         ^
user\main.c(34): warning:  #111-D: statement is unreachable
user\main.c:    printf("读出来的数据是：%d\r\n",temp);
user\main.c:    ^
user\main.c(34): warning:  #181-D: argument is incompatible with corresponding format string conversion
user\main.c:    printf("读出来的数据是：%d\r\n",temp);
user\main.c:                                    ^
user\main.c: user\main.c: 3 warnings, 0 errors
compiling stm32f10x_it.c...
compiling public.c...
compiling core_cm3.c...
compiling system_stm32f10x.c...
assembling startup_stm32f10x_hd.s...
compiling stm32f10x_gpio.c...
compiling stm32f10x_rcc.c...
compiling stm32f10x_usart.c...
compiling misc.c...
compiling stm32f10x_exti.c...
compiling stm32f10x_tim.c...
compiling led.c...
compiling systick.c...
compiling pwm.c...
compiling rs485.c...
compiling printf.c...
compiling iic.c...
compiling AT24CXX.c...
compiling beep.c...
compiling exti.c...
compiling key.c...
compiling smg.c...
compiling time.c...
compiling usart.c...
compiling ds18b20.c...
APP\DS18B20\ds18b20.h(20): warning:  #1-D: last line of file ends without a newline
APP\DS18B20\ds18b20.h:   #endif
APP\DS18B20\ds18b20.h:         ^
APP\DS18B20\ds18b20.c(41): error:  #65: expected a ";"
APP\DS18B20\ds18b20.c:          u8 i-0;
APP\DS18B20\ds18b20.c:              ^
APP\DS18B20\ds18b20.c(60): warning:  #174-D: expression has no effect
APP\DS18B20\ds18b20.c:          value>>1;
APP\DS18B20\ds18b20.c:          ^
APP\DS18B20\ds18b20.c(78): error:  #20: identifier "oxcc" is undefined
APP\DS18B20\ds18b20.c:          ds18b20wr(oxcc);
APP\DS18B20\ds18b20.c:                    ^
APP\DS18B20\ds18b20.c(89): error:  #20: identifier "oxf800" is undefined
APP\DS18B20\ds18b20.c:          if((temp&0xf800)==oxf800){
APP\DS18B20\ds18b20.c:                            ^
APP\DS18B20\ds18b20.c(94): warning:  #1-D: last line of file ends without a newline
APP\DS18B20\ds18b20.c:   }
APP\DS18B20\ds18b20.c:    ^
APP\DS18B20\ds18b20.c: APP\DS18B20\ds18b20.c: 3 warnings, 3 errors
Target not created
Build target 'Target 1'
compiling main.c...
.\APP\DS18B20\ds18b20.h(20): warning:  #1-D: last line of file ends without a newline
.\APP\DS18B20\ds18b20.h:   #endif
.\APP\DS18B20\ds18b20.h:         ^
user\main.c(34): warning:  #111-D: statement is unreachable
user\main.c:    printf("读出来的数据是：%d\r\n",temp);
user\main.c:    ^
user\main.c(34): warning:  #181-D: argument is incompatible with corresponding format string conversion
user\main.c:    printf("读出来的数据是：%d\r\n",temp);
user\main.c:                                    ^
user\main.c: user\main.c: 3 warnings, 0 errors
compiling stm32f10x_it.c...
compiling public.c...
compiling core_cm3.c...
compiling system_stm32f10x.c...
assembling startup_stm32f10x_hd.s...
compiling stm32f10x_gpio.c...
compiling stm32f10x_rcc.c...
compiling stm32f10x_usart.c...
compiling misc.c...
compiling stm32f10x_exti.c...
compiling stm32f10x_tim.c...
compiling led.c...
compiling systick.c...
compiling pwm.c...
compiling rs485.c...
compiling printf.c...
compiling iic.c...
compiling AT24CXX.c...
compiling beep.c...
compiling exti.c...
compiling key.c...
compiling smg.c...
compiling time.c...
compiling usart.c...
compiling ds18b20.c...
APP\DS18B20\ds18b20.h(20): warning:  #1-D: last line of file ends without a newline
APP\DS18B20\ds18b20.h:   #endif
APP\DS18B20\ds18b20.h:         ^
APP\DS18B20\ds18b20.c(41): error:  #65: expected a ";"
APP\DS18B20\ds18b20.c:          u8 i-0;
APP\DS18B20\ds18b20.c:              ^
APP\DS18B20\ds18b20.c(60): warning:  #174-D: expression has no effect
APP\DS18B20\ds18b20.c:          value>>1;
APP\DS18B20\ds18b20.c:          ^
APP\DS18B20\ds18b20.c(89): error:  #20: identifier "oxf800" is undefined
APP\DS18B20\ds18b20.c:          if((temp&0xf800)==oxf800){
APP\DS18B20\ds18b20.c:                            ^
APP\DS18B20\ds18b20.c(94): warning:  #1-D: last line of file ends without a newline
APP\DS18B20\ds18b20.c:   }
APP\DS18B20\ds18b20.c:    ^
APP\DS18B20\ds18b20.c: APP\DS18B20\ds18b20.c: 3 warnings, 2 errors
Target not created
Build target 'Target 1'
compiling main.c...
.\APP\DS18B20\ds18b20.h(20): warning:  #1-D: last line of file ends without a newline
.\APP\DS18B20\ds18b20.h:   #endif
.\APP\DS18B20\ds18b20.h:         ^
user\main.c(34): warning:  #111-D: statement is unreachable
user\main.c:    printf("读出来的数据是：%d\r\n",temp);
user\main.c:    ^
user\main.c(34): warning:  #181-D: argument is incompatible with corresponding format string conversion
user\main.c:    printf("读出来的数据是：%d\r\n",temp);
user\main.c:                                    ^
user\main.c: user\main.c: 3 warnings, 0 errors
compiling stm32f10x_it.c...
compiling public.c...
compiling core_cm3.c...
compiling system_stm32f10x.c...
assembling startup_stm32f10x_hd.s...
compiling stm32f10x_gpio.c...
compiling stm32f10x_rcc.c...
compiling stm32f10x_usart.c...
compiling misc.c...
compiling stm32f10x_exti.c...
compiling stm32f10x_tim.c...
compiling led.c...
compiling systick.c...
compiling pwm.c...
compiling rs485.c...
compiling printf.c...
compiling iic.c...
compiling AT24CXX.c...
compiling beep.c...
compiling exti.c...
compiling key.c...
compiling smg.c...
compiling time.c...
compiling usart.c...
compiling ds18b20.c...
APP\DS18B20\ds18b20.h(20): warning:  #1-D: last line of file ends without a newline
APP\DS18B20\ds18b20.h:   #endif
APP\DS18B20\ds18b20.h:         ^
APP\DS18B20\ds18b20.c(41): error:  #65: expected a ";"
APP\DS18B20\ds18b20.c:          u8 i-0;
APP\DS18B20\ds18b20.c:              ^
APP\DS18B20\ds18b20.c(60): warning:  #174-D: expression has no effect
APP\DS18B20\ds18b20.c:          value>>1;
APP\DS18B20\ds18b20.c:          ^
APP\DS18B20\ds18b20.c(94): warning:  #1-D: last line of file ends without a newline
APP\DS18B20\ds18b20.c:   }
APP\DS18B20\ds18b20.c:    ^
APP\DS18B20\ds18b20.c: APP\DS18B20\ds18b20.c: 3 warnings, 1 error
Target not created
Build target 'Target 1'
compiling main.c...
.\APP\DS18B20\ds18b20.h(20): warning:  #1-D: last line of file ends without a newline
.\APP\DS18B20\ds18b20.h:   #endif
.\APP\DS18B20\ds18b20.h:         ^
user\main.c(34): warning:  #111-D: statement is unreachable
user\main.c:    printf("读出来的数据是：%d\r\n",temp);
user\main.c:    ^
user\main.c(34): warning:  #181-D: argument is incompatible with corresponding format string conversion
user\main.c:    printf("读出来的数据是：%d\r\n",temp);
user\main.c:                                    ^
user\main.c: user\main.c: 3 warnings, 0 errors
compiling stm32f10x_it.c...
compiling public.c...
compiling core_cm3.c...
compiling system_stm32f10x.c...
assembling startup_stm32f10x_hd.s...
compiling stm32f10x_gpio.c...
compiling stm32f10x_rcc.c...
compiling stm32f10x_usart.c...
compiling misc.c...
compiling stm32f10x_exti.c...
compiling stm32f10x_tim.c...
compiling led.c...
compiling systick.c...
compiling pwm.c...
compiling rs485.c...
compiling printf.c...
compiling iic.c...
compiling AT24CXX.c...
compiling beep.c...
compiling exti.c...
compiling key.c...
compiling smg.c...
compiling time.c...
compiling usart.c...
compiling ds18b20.c...
APP\DS18B20\ds18b20.h(20): warning:  #1-D: last line of file ends without a newline
APP\DS18B20\ds18b20.h:   #endif
APP\DS18B20\ds18b20.h:         ^
APP\DS18B20\ds18b20.c(94): warning:  #1-D: last line of file ends without a newline
APP\DS18B20\ds18b20.c:   }
APP\DS18B20\ds18b20.c:    ^
APP\DS18B20\ds18b20.c: APP\DS18B20\ds18b20.c: 2 warnings, 0 errors
linking...
Program Size: Code=12144 RO-data=336 RW-data=48 ZI-data=1024  
FromELF: creating hex file...
".\output\工程模板.axf" - 0 Error(s), 5 Warning(s).
